<?xml version="1.0" encoding="UTF-8"?>
<testng-results ignored="0" total="1" passed="0" failed="1" skipped="0">
  <reporter-output>
  </reporter-output>
  <suite started-at="2025-08-30T10:53:58 IST" name="Default suite" finished-at="2025-08-30T10:54:00 IST" duration-ms="1819">
    <groups>
      <group name="cucumber">
        <method signature="AbstractTestNGCucumberTests.runScenario(io.cucumber.testng.PickleWrapper,io.cucumber.testng.FeatureWrapper)[pri:0, instance:com.MakeMyTrip.TestRunner.TestRunner@1df8b5b8]" name="runScenario" class="io.cucumber.testng.AbstractTestNGCucumberTests"/>
      </group> <!-- cucumber -->
    </groups>
    <test started-at="2025-08-30T10:53:58 IST" name="Default test" finished-at="2025-08-30T10:54:00 IST" duration-ms="1819">
      <class name="com.MakeMyTrip.TestRunner.TestRunner">
        <test-method is-config="true" signature="setUpClass(org.testng.ITestContext)[pri:0, instance:com.MakeMyTrip.TestRunner.TestRunner@1df8b5b8]" started-at="2025-08-30T10:53:58 IST" name="setUpClass" finished-at="2025-08-30T10:53:59 IST" duration-ms="735" status="PASS">
          <params>
            <param index="0">
              <value>
                <![CDATA[org.testng.TestRunner@65a48602]]>
              </value>
            </param>
          </params>
          <reporter-output>
          </reporter-output>
        </test-method> <!-- setUpClass -->
        <test-method signature="runScenario(io.cucumber.testng.PickleWrapper,io.cucumber.testng.FeatureWrapper)[pri:0, instance:com.MakeMyTrip.TestRunner.TestRunner@1df8b5b8]" started-at="2025-08-30T10:53:59 IST" name="runScenario" description="Runs Cucumber Scenarios" data-provider="scenarios" finished-at="2025-08-30T10:54:00 IST" duration-ms="971" status="FAIL">
          <params>
            <param index="0">
              <value>
                <![CDATA["Retrieving the error messaged displayed when incorrect details are given"]]>
              </value>
            </param>
            <param index="1">
              <value>
                <![CDATA["Retrieve the error message displayed"]]>
              </value>
            </param>
          </params>
          <exception class="java.lang.RuntimeException">
            <message>
              <![CDATA[WebDriver setup failed]]>
            </message>
            <full-stacktrace>
              <![CDATA[java.lang.RuntimeException: WebDriver setup failed
at com.MakeMyTrip.Hooks.Hooks.setUp(Hooks.java:63)
Caused by: java.lang.NullPointerException: Cannot invoke "String.equalsIgnoreCase(String)" because "browser" is null
at com.MakeMyTrip.Utilities.DriverSetup.driverInstantiate(DriverSetup.java:61)
at com.MakeMyTrip.Hooks.Hooks.setUp(Hooks.java:59)
]]>
            </full-stacktrace>
          </exception> <!-- java.lang.RuntimeException -->
          <reporter-output>
          </reporter-output>
        </test-method> <!-- runScenario -->
        <test-method is-config="true" signature="tearDownClass()[pri:0, instance:com.MakeMyTrip.TestRunner.TestRunner@1df8b5b8]" started-at="2025-08-30T10:54:00 IST" name="tearDownClass" finished-at="2025-08-30T10:54:00 IST" duration-ms="32" status="PASS">
          <reporter-output>
          </reporter-output>
        </test-method> <!-- tearDownClass -->
        <test-method is-config="true" signature="afterSuite()[pri:0, instance:com.MakeMyTrip.TestRunner.TestRunner@1df8b5b8]" started-at="2025-08-30T10:54:00 IST" name="afterSuite" finished-at="2025-08-30T16:09:49 IST" duration-ms="18948646" status="PASS">
          <reporter-output>
          </reporter-output>
        </test-method> <!-- afterSuite -->
      </class> <!-- com.MakeMyTrip.TestRunner.TestRunner -->
    </test> <!-- Default test -->
  </suite> <!-- Default suite -->
</testng-results>
